build/app/intermediates/manifest_merge_blame_file/debug/processDebugMainManifest/manifest-merger-blame-debug-report.txt
1<?xml version="1.0" encoding="utf-8"?>
2<manifest xmlns:android="http://schemas.android.com/apk/res/android"
3    package="com.LTS.habittracker"
4    android:versionCode="1"
5    android:versionName="1.0.0" >
6
7    <uses-sdk
8        android:minSdkVersion="23"
9        android:targetSdkVersion="35" />
10    <!--
11         The INTERNET permission is required for development. Specifically,
12         the Flutter tool needs it to communicate with the running application
13         to allow setting breakpoints, to provide hot reload, etc.
14    -->
15    <uses-permission android:name="android.permission.INTERNET" />
15-->src/main/AndroidManifest.xml:12:5-67
15-->src/main/AndroidManifest.xml:12:22-64
16    <!-- Notification permissions -->
17    <uses-permission android:name="android.permission.POST_NOTIFICATIONS" />
17-->src/main/AndroidManifest.xml:3:5-77
17-->src/main/AndroidManifest.xml:3:22-74
18    <uses-permission android:name="android.permission.WAKE_LOCK" />
18-->src/main/AndroidManifest.xml:4:5-68
18-->src/main/AndroidManifest.xml:4:22-65
19    <uses-permission android:name="android.permission.RECEIVE_BOOT_COMPLETED" /> <!-- Exact alarm permissions for Android 12+ -->
19-->src/main/AndroidManifest.xml:5:5-81
19-->src/main/AndroidManifest.xml:5:22-78
20    <uses-permission android:name="android.permission.SCHEDULE_EXACT_ALARM" />
20-->src/main/AndroidManifest.xml:8:5-79
20-->src/main/AndroidManifest.xml:8:22-76
21    <uses-permission android:name="android.permission.USE_EXACT_ALARM" />
21-->src/main/AndroidManifest.xml:9:5-74
21-->src/main/AndroidManifest.xml:9:22-71
22    <uses-permission android:name="android.permission.ACCESS_NETWORK_STATE" />
22-->src/main/AndroidManifest.xml:13:5-79
22-->src/main/AndroidManifest.xml:13:22-76
23    <!--
24 Required to query activities that can process text, see:
25         https://developer.android.com/training/package-visibility and
26         https://developer.android.com/reference/android/content/Intent#ACTION_PROCESS_TEXT.
27
28         In particular, this is used by the Flutter engine in io.flutter.plugin.text.ProcessTextPlugin.
29    -->
30    <queries>
30-->src/main/AndroidManifest.xml:69:5-74:15
31        <intent>
31-->src/main/AndroidManifest.xml:70:9-73:18
32            <action android:name="android.intent.action.PROCESS_TEXT" />
32-->src/main/AndroidManifest.xml:71:13-72
32-->src/main/AndroidManifest.xml:71:21-70
33
34            <data android:mimeType="text/plain" />
34-->src/main/AndroidManifest.xml:72:13-50
34-->src/main/AndroidManifest.xml:72:19-48
35        </intent>
36        <!-- For browser content -->
37        <intent>
37-->[com.google.android.gms:play-services-ads-api:24.1.0] AndroidManifest.xml:38:9-44:18
38            <action android:name="android.intent.action.VIEW" />
38-->[com.google.android.gms:play-services-ads-api:24.1.0] AndroidManifest.xml:39:13-65
38-->[com.google.android.gms:play-services-ads-api:24.1.0] AndroidManifest.xml:39:21-62
39
40            <category android:name="android.intent.category.BROWSABLE" />
40-->[com.google.android.gms:play-services-ads-api:24.1.0] AndroidManifest.xml:41:13-74
40-->[com.google.android.gms:play-services-ads-api:24.1.0] AndroidManifest.xml:41:23-71
41
42            <data android:scheme="https" />
42-->src/main/AndroidManifest.xml:72:13-50
43        </intent> <!-- End of browser content -->
44        <!-- For CustomTabsService -->
45        <intent>
45-->[com.google.android.gms:play-services-ads-api:24.1.0] AndroidManifest.xml:47:9-49:18
46            <action android:name="android.support.customtabs.action.CustomTabsService" />
46-->[com.google.android.gms:play-services-ads-api:24.1.0] AndroidManifest.xml:48:13-90
46-->[com.google.android.gms:play-services-ads-api:24.1.0] AndroidManifest.xml:48:21-87
47        </intent> <!-- End of CustomTabsService -->
48        <!-- For MRAID capabilities -->
49        <intent>
49-->[com.google.android.gms:play-services-ads-api:24.1.0] AndroidManifest.xml:52:9-56:18
50            <action android:name="android.intent.action.INSERT" />
50-->[com.google.android.gms:play-services-ads-api:24.1.0] AndroidManifest.xml:53:13-67
50-->[com.google.android.gms:play-services-ads-api:24.1.0] AndroidManifest.xml:53:21-64
51
52            <data android:mimeType="vnd.android.cursor.dir/event" />
52-->src/main/AndroidManifest.xml:72:13-50
52-->src/main/AndroidManifest.xml:72:19-48
53        </intent>
54        <intent>
54-->[com.google.android.gms:play-services-ads-api:24.1.0] AndroidManifest.xml:57:9-61:18
55            <action android:name="android.intent.action.VIEW" />
55-->[com.google.android.gms:play-services-ads-api:24.1.0] AndroidManifest.xml:39:13-65
55-->[com.google.android.gms:play-services-ads-api:24.1.0] AndroidManifest.xml:39:21-62
56
57            <data android:scheme="sms" />
57-->src/main/AndroidManifest.xml:72:13-50
58        </intent>
59        <intent>
59-->[com.google.android.gms:play-services-ads-api:24.1.0] AndroidManifest.xml:62:9-66:18
60            <action android:name="android.intent.action.DIAL" />
60-->[com.google.android.gms:play-services-ads-api:24.1.0] AndroidManifest.xml:63:13-65
60-->[com.google.android.gms:play-services-ads-api:24.1.0] AndroidManifest.xml:63:21-62
61
62            <data android:path="tel:" />
62-->src/main/AndroidManifest.xml:72:13-50
63        </intent>
64        <intent>
64-->[com.android.billingclient:billing:7.1.1] AndroidManifest.xml:13:9-15:18
65            <action android:name="com.android.vending.billing.InAppBillingService.BIND" />
65-->[com.android.billingclient:billing:7.1.1] AndroidManifest.xml:14:13-91
65-->[com.android.billingclient:billing:7.1.1] AndroidManifest.xml:14:21-88
66        </intent>
67        <intent>
67-->[com.android.billingclient:billing:7.1.1] AndroidManifest.xml:16:9-18:18
68            <action android:name="com.google.android.apps.play.billingtestcompanion.BillingOverrideService.BIND" />
68-->[com.android.billingclient:billing:7.1.1] AndroidManifest.xml:17:13-116
68-->[com.android.billingclient:billing:7.1.1] AndroidManifest.xml:17:21-113
69        </intent>
70    </queries>
71
72    <uses-permission android:name="android.permission.BROADCAST_CLOSE_SYSTEM_DIALOGS" />
72-->[:awesome_notifications] AndroidManifest.xml:7:5-89
72-->[:awesome_notifications] AndroidManifest.xml:7:22-86
73    <uses-permission
73-->[me.carda:AndroidAwnCore:0.10.0] AndroidManifest.xml:9:5-12:47
74        android:name="android.permission.BIND_NOTIFICATION_LISTENER_SERVICE"
74-->[me.carda:AndroidAwnCore:0.10.0] AndroidManifest.xml:10:9-77
75        android:maxSdkVersion="22" />
75-->[me.carda:AndroidAwnCore:0.10.0] AndroidManifest.xml:11:9-35
76    <uses-permission android:name="com.google.android.gms.permission.AD_ID" />
76-->[com.google.android.gms:play-services-ads-api:24.1.0] AndroidManifest.xml:26:5-79
76-->[com.google.android.gms:play-services-ads-api:24.1.0] AndroidManifest.xml:26:22-76
77    <uses-permission android:name="android.permission.ACCESS_ADSERVICES_AD_ID" />
77-->[com.google.android.gms:play-services-ads-api:24.1.0] AndroidManifest.xml:27:5-82
77-->[com.google.android.gms:play-services-ads-api:24.1.0] AndroidManifest.xml:27:22-79
78    <uses-permission android:name="android.permission.ACCESS_ADSERVICES_ATTRIBUTION" />
78-->[com.google.android.gms:play-services-ads-api:24.1.0] AndroidManifest.xml:28:5-88
78-->[com.google.android.gms:play-services-ads-api:24.1.0] AndroidManifest.xml:28:22-85
79    <uses-permission android:name="android.permission.ACCESS_ADSERVICES_TOPICS" />
79-->[com.google.android.gms:play-services-ads-api:24.1.0] AndroidManifest.xml:29:5-83
79-->[com.google.android.gms:play-services-ads-api:24.1.0] AndroidManifest.xml:29:22-80
80    <uses-permission android:name="android.permission.FOREGROUND_SERVICE" />
80-->[androidx.work:work-runtime:2.7.0] AndroidManifest.xml:28:5-77
80-->[androidx.work:work-runtime:2.7.0] AndroidManifest.xml:28:22-74
81    <uses-permission android:name="com.android.vending.BILLING" />
81-->[com.android.billingclient:billing:7.1.1] AndroidManifest.xml:10:5-67
81-->[com.android.billingclient:billing:7.1.1] AndroidManifest.xml:10:22-64
82
83    <permission
83-->[androidx.core:core:1.13.1] AndroidManifest.xml:22:5-24:47
84        android:name="com.LTS.habittracker.DYNAMIC_RECEIVER_NOT_EXPORTED_PERMISSION"
84-->[androidx.core:core:1.13.1] AndroidManifest.xml:23:9-81
85        android:protectionLevel="signature" />
85-->[androidx.core:core:1.13.1] AndroidManifest.xml:24:9-44
86
87    <uses-permission android:name="com.LTS.habittracker.DYNAMIC_RECEIVER_NOT_EXPORTED_PERMISSION" /> <!-- for android -->
87-->[androidx.core:core:1.13.1] AndroidManifest.xml:26:5-97
87-->[androidx.core:core:1.13.1] AndroidManifest.xml:26:22-94
88    <!-- <uses-permission android:name="com.android.launcher.permission.READ_SETTINGS"/> -->
89    <!-- <uses-permission android:name="com.android.launcher.permission.WRITE_SETTINGS"/> -->
90    <!-- <uses-permission android:name="com.android.launcher.permission.INSTALL_SHORTCUT" /> -->
91    <!-- <uses-permission android:name="com.android.launcher.permission.UNINSTALL_SHORTCUT" /> -->
92    <!-- for Samsung -->
93    <uses-permission android:name="com.sec.android.provider.badge.permission.READ" />
93-->[me.leolin:ShortcutBadger:1.1.22] AndroidManifest.xml:19:5-86
93-->[me.leolin:ShortcutBadger:1.1.22] AndroidManifest.xml:19:22-83
94    <uses-permission android:name="com.sec.android.provider.badge.permission.WRITE" /> <!-- for htc -->
94-->[me.leolin:ShortcutBadger:1.1.22] AndroidManifest.xml:20:5-87
94-->[me.leolin:ShortcutBadger:1.1.22] AndroidManifest.xml:20:22-84
95    <uses-permission android:name="com.htc.launcher.permission.READ_SETTINGS" />
95-->[me.leolin:ShortcutBadger:1.1.22] AndroidManifest.xml:23:5-81
95-->[me.leolin:ShortcutBadger:1.1.22] AndroidManifest.xml:23:22-78
96    <uses-permission android:name="com.htc.launcher.permission.UPDATE_SHORTCUT" /> <!-- for sony -->
96-->[me.leolin:ShortcutBadger:1.1.22] AndroidManifest.xml:24:5-83
96-->[me.leolin:ShortcutBadger:1.1.22] AndroidManifest.xml:24:22-80
97    <uses-permission android:name="com.sonyericsson.home.permission.BROADCAST_BADGE" />
97-->[me.leolin:ShortcutBadger:1.1.22] AndroidManifest.xml:27:5-88
97-->[me.leolin:ShortcutBadger:1.1.22] AndroidManifest.xml:27:22-85
98    <uses-permission android:name="com.sonymobile.home.permission.PROVIDER_INSERT_BADGE" /> <!-- for apex -->
98-->[me.leolin:ShortcutBadger:1.1.22] AndroidManifest.xml:28:5-92
98-->[me.leolin:ShortcutBadger:1.1.22] AndroidManifest.xml:28:22-89
99    <uses-permission android:name="com.anddoes.launcher.permission.UPDATE_COUNT" /> <!-- for solid -->
99-->[me.leolin:ShortcutBadger:1.1.22] AndroidManifest.xml:31:5-84
99-->[me.leolin:ShortcutBadger:1.1.22] AndroidManifest.xml:31:22-81
100    <uses-permission android:name="com.majeur.launcher.permission.UPDATE_BADGE" /> <!-- for huawei -->
100-->[me.leolin:ShortcutBadger:1.1.22] AndroidManifest.xml:34:5-83
100-->[me.leolin:ShortcutBadger:1.1.22] AndroidManifest.xml:34:22-80
101    <uses-permission android:name="com.huawei.android.launcher.permission.CHANGE_BADGE" />
101-->[me.leolin:ShortcutBadger:1.1.22] AndroidManifest.xml:37:5-91
101-->[me.leolin:ShortcutBadger:1.1.22] AndroidManifest.xml:37:22-88
102    <uses-permission android:name="com.huawei.android.launcher.permission.READ_SETTINGS" />
102-->[me.leolin:ShortcutBadger:1.1.22] AndroidManifest.xml:38:5-92
102-->[me.leolin:ShortcutBadger:1.1.22] AndroidManifest.xml:38:22-89
103    <uses-permission android:name="com.huawei.android.launcher.permission.WRITE_SETTINGS" /> <!-- for ZUK -->
103-->[me.leolin:ShortcutBadger:1.1.22] AndroidManifest.xml:39:5-93
103-->[me.leolin:ShortcutBadger:1.1.22] AndroidManifest.xml:39:22-90
104    <uses-permission android:name="android.permission.READ_APP_BADGE" /> <!-- for OPPO -->
104-->[me.leolin:ShortcutBadger:1.1.22] AndroidManifest.xml:42:5-73
104-->[me.leolin:ShortcutBadger:1.1.22] AndroidManifest.xml:42:22-70
105    <uses-permission android:name="com.oppo.launcher.permission.READ_SETTINGS" />
105-->[me.leolin:ShortcutBadger:1.1.22] AndroidManifest.xml:45:5-82
105-->[me.leolin:ShortcutBadger:1.1.22] AndroidManifest.xml:45:22-79
106    <uses-permission android:name="com.oppo.launcher.permission.WRITE_SETTINGS" /> <!-- for EvMe -->
106-->[me.leolin:ShortcutBadger:1.1.22] AndroidManifest.xml:46:5-83
106-->[me.leolin:ShortcutBadger:1.1.22] AndroidManifest.xml:46:22-80
107    <uses-permission android:name="me.everything.badger.permission.BADGE_COUNT_READ" />
107-->[me.leolin:ShortcutBadger:1.1.22] AndroidManifest.xml:49:5-88
107-->[me.leolin:ShortcutBadger:1.1.22] AndroidManifest.xml:49:22-85
108    <uses-permission android:name="me.everything.badger.permission.BADGE_COUNT_WRITE" />
108-->[me.leolin:ShortcutBadger:1.1.22] AndroidManifest.xml:50:5-89
108-->[me.leolin:ShortcutBadger:1.1.22] AndroidManifest.xml:50:22-86
109
110    <application
111        android:name="android.app.Application"
112        android:appComponentFactory="androidx.core.app.CoreComponentFactory"
112-->[androidx.core:core:1.13.1] AndroidManifest.xml:28:18-86
113        android:debuggable="true"
114        android:extractNativeLibs="false"
115        android:icon="@mipmap/ic_launcher"
116        android:label="Habit Tracker" >
117        <activity
118            android:name="com.LTS.habittracker.MainActivity"
119            android:configChanges="orientation|keyboardHidden|keyboard|screenSize|smallestScreenSize|locale|layoutDirection|fontScale|screenLayout|density|uiMode"
120            android:exported="true"
121            android:hardwareAccelerated="true"
122            android:launchMode="singleTop"
123            android:taskAffinity=""
124            android:theme="@style/LaunchTheme"
125            android:windowSoftInputMode="adjustResize" >
126
127            <!--
128                 Specifies an Android theme to apply to this Activity as soon as
129                 the Android process has started. This theme is visible to the user
130                 while the Flutter UI initializes. After that, this theme continues
131                 to determine the Window background behind the Flutter UI.
132            -->
133            <meta-data
134                android:name="io.flutter.embedding.android.NormalTheme"
135                android:resource="@style/NormalTheme" />
136
137            <intent-filter>
138                <action android:name="android.intent.action.MAIN" />
139
140                <category android:name="android.intent.category.LAUNCHER" />
141            </intent-filter>
142        </activity>
143        <!--
144             Don't delete the meta-data below.
145             This is used by the Flutter tool to generate GeneratedPluginRegistrant.java
146        -->
147        <meta-data
148            android:name="flutterEmbedding"
149            android:value="2" />
150
151        <!-- AdMob App ID -->
152        <meta-data
153            android:name="com.google.android.gms.ads.APPLICATION_ID"
154            android:value="ca-app-pub-3940256099942544~3347511713" />
155
156        <!-- Notification receiver to handle boot completed -->
157        <receiver
158            android:name="com.dexterous.flutterlocalnotifications.ScheduledNotificationBootReceiver"
159            android:exported="false" >
160            <intent-filter>
161                <action android:name="android.intent.action.BOOT_COMPLETED" />
161-->[:awesome_notifications] AndroidManifest.xml:26:17-79
161-->[:awesome_notifications] AndroidManifest.xml:26:25-76
162                <action android:name="android.intent.action.MY_PACKAGE_REPLACED" />
162-->[:awesome_notifications] AndroidManifest.xml:28:17-84
162-->[:awesome_notifications] AndroidManifest.xml:28:25-81
163                <action android:name="android.intent.action.QUICKBOOT_POWERON" />
163-->[:awesome_notifications] AndroidManifest.xml:29:17-82
163-->[:awesome_notifications] AndroidManifest.xml:29:25-79
164
165                <category android:name="android.intent.category.DEFAULT" />
165-->[:awesome_notifications] AndroidManifest.xml:24:17-76
165-->[:awesome_notifications] AndroidManifest.xml:24:27-73
166            </intent-filter>
167        </receiver>
168
169        <!-- Notification receiver -->
170        <receiver
171            android:name="com.dexterous.flutterlocalnotifications.ScheduledNotificationReceiver"
172            android:exported="false" />
173
174        <meta-data
174-->[:google_mobile_ads] AndroidManifest.xml:10:9-12:36
175            android:name="io.flutter.embedded_views_preview"
175-->[:google_mobile_ads] AndroidManifest.xml:11:13-61
176            android:value="true" />
176-->[:google_mobile_ads] AndroidManifest.xml:12:13-33
177
178        <receiver
178-->[:awesome_notifications] AndroidManifest.xml:10:9-12:39
179            android:name="me.carda.awesome_notifications.DartNotificationActionReceiver"
179-->[:awesome_notifications] AndroidManifest.xml:11:13-89
180            android:exported="true" />
180-->[:awesome_notifications] AndroidManifest.xml:12:13-36
181        <receiver
181-->[:awesome_notifications] AndroidManifest.xml:13:9-15:39
182            android:name="me.carda.awesome_notifications.DartDismissedNotificationReceiver"
182-->[:awesome_notifications] AndroidManifest.xml:14:13-92
183            android:exported="true" />
183-->[:awesome_notifications] AndroidManifest.xml:15:13-36
184        <receiver
184-->[:awesome_notifications] AndroidManifest.xml:16:9-18:39
185            android:name="me.carda.awesome_notifications.DartScheduledNotificationReceiver"
185-->[:awesome_notifications] AndroidManifest.xml:17:13-92
186            android:exported="true" />
186-->[:awesome_notifications] AndroidManifest.xml:18:13-36
187        <receiver
187-->[:awesome_notifications] AndroidManifest.xml:19:9-33:20
188            android:name="me.carda.awesome_notifications.DartRefreshSchedulesReceiver"
188-->[:awesome_notifications] AndroidManifest.xml:20:13-87
189            android:enabled="true"
189-->[:awesome_notifications] AndroidManifest.xml:21:13-35
190            android:exported="true" >
190-->[:awesome_notifications] AndroidManifest.xml:22:13-36
191            <intent-filter>
191-->[:awesome_notifications] AndroidManifest.xml:23:13-32:29
192                <category android:name="android.intent.category.DEFAULT" />
192-->[:awesome_notifications] AndroidManifest.xml:24:17-76
192-->[:awesome_notifications] AndroidManifest.xml:24:27-73
193
194                <action android:name="android.intent.action.BOOT_COMPLETED" />
194-->[:awesome_notifications] AndroidManifest.xml:26:17-79
194-->[:awesome_notifications] AndroidManifest.xml:26:25-76
195                <action android:name="android.intent.action.LOCKED_BOOT_COMPLETED" />
195-->[:awesome_notifications] AndroidManifest.xml:27:17-86
195-->[:awesome_notifications] AndroidManifest.xml:27:25-83
196                <action android:name="android.intent.action.MY_PACKAGE_REPLACED" />
196-->[:awesome_notifications] AndroidManifest.xml:28:17-84
196-->[:awesome_notifications] AndroidManifest.xml:28:25-81
197                <action android:name="android.intent.action.QUICKBOOT_POWERON" />
197-->[:awesome_notifications] AndroidManifest.xml:29:17-82
197-->[:awesome_notifications] AndroidManifest.xml:29:25-79
198                <action android:name="com.htc.intent.action.QUICKBOOT_POWERON" />
198-->[:awesome_notifications] AndroidManifest.xml:30:17-82
198-->[:awesome_notifications] AndroidManifest.xml:30:25-79
199                <action android:name="android.app.action.SCHEDULE_EXACT_ALARM_PERMISSION_STATE_CHANGED" />
199-->[:awesome_notifications] AndroidManifest.xml:31:17-107
199-->[:awesome_notifications] AndroidManifest.xml:31:25-104
200            </intent-filter>
201        </receiver>
202
203        <service
203-->[:awesome_notifications] AndroidManifest.xml:35:9-38:72
204            android:name="me.carda.awesome_notifications.DartBackgroundService"
204-->[:awesome_notifications] AndroidManifest.xml:36:13-80
205            android:exported="false"
205-->[:awesome_notifications] AndroidManifest.xml:37:13-37
206            android:permission="android.permission.BIND_JOB_SERVICE" />
206-->[:awesome_notifications] AndroidManifest.xml:38:13-69
207        <service
207-->[:awesome_notifications] AndroidManifest.xml:39:9-44:43
208            android:name="me.carda.awesome_notifications.core.services.ForegroundService"
208-->[:awesome_notifications] AndroidManifest.xml:40:13-90
209            android:enabled="true"
209-->[:awesome_notifications] AndroidManifest.xml:41:13-35
210            android:exported="false"
210-->[:awesome_notifications] AndroidManifest.xml:42:13-37
211            android:foregroundServiceType="phoneCall|phoneCall"
211-->[:awesome_notifications] AndroidManifest.xml:43:13-54
212            android:stopWithTask="true" />
212-->[:awesome_notifications] AndroidManifest.xml:44:13-40
213        <service
213-->[me.carda:AndroidAwnCore:0.10.0] AndroidManifest.xml:21:9-28:19
214            android:name="me.carda.awesome_notifications.core.managers.StatusBarManager"
214-->[me.carda:AndroidAwnCore:0.10.0] AndroidManifest.xml:22:13-89
215            android:exported="true"
215-->[me.carda:AndroidAwnCore:0.10.0] AndroidManifest.xml:23:13-36
216            android:label="My Notification Listener Service" >
216-->[me.carda:AndroidAwnCore:0.10.0] AndroidManifest.xml:24:13-61
217            <intent-filter>
217-->[me.carda:AndroidAwnCore:0.10.0] AndroidManifest.xml:25:13-27:29
218                <action android:name="android.service.notification.NotificationListenerService" />
218-->[me.carda:AndroidAwnCore:0.10.0] AndroidManifest.xml:26:17-99
218-->[me.carda:AndroidAwnCore:0.10.0] AndroidManifest.xml:26:25-96
219            </intent-filter>
220        </service> <!-- Include the AdActivity and InAppPurchaseActivity configChanges and themes. -->
221        <activity
221-->[com.google.android.gms:play-services-ads-api:24.1.0] AndroidManifest.xml:73:9-78:43
222            android:name="com.google.android.gms.ads.AdActivity"
222-->[com.google.android.gms:play-services-ads-api:24.1.0] AndroidManifest.xml:74:13-65
223            android:configChanges="keyboard|keyboardHidden|orientation|screenLayout|uiMode|screenSize|smallestScreenSize"
223-->[com.google.android.gms:play-services-ads-api:24.1.0] AndroidManifest.xml:75:13-122
224            android:exported="false"
224-->[com.google.android.gms:play-services-ads-api:24.1.0] AndroidManifest.xml:76:13-37
225            android:theme="@android:style/Theme.Translucent" />
225-->[com.google.android.gms:play-services-ads-api:24.1.0] AndroidManifest.xml:77:13-61
226
227        <provider
227-->[com.google.android.gms:play-services-ads-api:24.1.0] AndroidManifest.xml:80:9-85:43
228            android:name="com.google.android.gms.ads.MobileAdsInitProvider"
228-->[com.google.android.gms:play-services-ads-api:24.1.0] AndroidManifest.xml:81:13-76
229            android:authorities="com.LTS.habittracker.mobileadsinitprovider"
229-->[com.google.android.gms:play-services-ads-api:24.1.0] AndroidManifest.xml:82:13-73
230            android:exported="false"
230-->[com.google.android.gms:play-services-ads-api:24.1.0] AndroidManifest.xml:83:13-37
231            android:initOrder="100" />
231-->[com.google.android.gms:play-services-ads-api:24.1.0] AndroidManifest.xml:84:13-36
232
233        <service
233-->[com.google.android.gms:play-services-ads-api:24.1.0] AndroidManifest.xml:87:9-91:43
234            android:name="com.google.android.gms.ads.AdService"
234-->[com.google.android.gms:play-services-ads-api:24.1.0] AndroidManifest.xml:88:13-64
235            android:enabled="true"
235-->[com.google.android.gms:play-services-ads-api:24.1.0] AndroidManifest.xml:89:13-35
236            android:exported="false" />
236-->[com.google.android.gms:play-services-ads-api:24.1.0] AndroidManifest.xml:90:13-37
237
238        <activity
238-->[com.google.android.gms:play-services-ads-api:24.1.0] AndroidManifest.xml:93:9-97:43
239            android:name="com.google.android.gms.ads.OutOfContextTestingActivity"
239-->[com.google.android.gms:play-services-ads-api:24.1.0] AndroidManifest.xml:94:13-82
240            android:configChanges="keyboard|keyboardHidden|orientation|screenLayout|uiMode|screenSize|smallestScreenSize"
240-->[com.google.android.gms:play-services-ads-api:24.1.0] AndroidManifest.xml:95:13-122
241            android:exported="false" />
241-->[com.google.android.gms:play-services-ads-api:24.1.0] AndroidManifest.xml:96:13-37
242        <activity
242-->[com.google.android.gms:play-services-ads-api:24.1.0] AndroidManifest.xml:98:9-105:43
243            android:name="com.google.android.gms.ads.NotificationHandlerActivity"
243-->[com.google.android.gms:play-services-ads-api:24.1.0] AndroidManifest.xml:99:13-82
244            android:excludeFromRecents="true"
244-->[com.google.android.gms:play-services-ads-api:24.1.0] AndroidManifest.xml:100:13-46
245            android:exported="false"
245-->[com.google.android.gms:play-services-ads-api:24.1.0] AndroidManifest.xml:101:13-37
246            android:launchMode="singleTask"
246-->[com.google.android.gms:play-services-ads-api:24.1.0] AndroidManifest.xml:102:13-44
247            android:taskAffinity=""
247-->[com.google.android.gms:play-services-ads-api:24.1.0] AndroidManifest.xml:103:13-36
248            android:theme="@android:style/Theme.Translucent.NoTitleBar" />
248-->[com.google.android.gms:play-services-ads-api:24.1.0] AndroidManifest.xml:104:13-72
249
250        <meta-data
250-->[com.google.android.gms:play-services-ads-api:24.1.0] AndroidManifest.xml:107:9-109:36
251            android:name="com.google.android.gms.ads.flag.OPTIMIZE_AD_LOADING"
251-->[com.google.android.gms:play-services-ads-api:24.1.0] AndroidManifest.xml:108:13-79
252            android:value="true" />
252-->[com.google.android.gms:play-services-ads-api:24.1.0] AndroidManifest.xml:109:13-33
253        <meta-data
253-->[com.google.android.gms:play-services-ads-api:24.1.0] AndroidManifest.xml:110:9-112:36
254            android:name="com.google.android.gms.ads.flag.OPTIMIZE_INITIALIZATION"
254-->[com.google.android.gms:play-services-ads-api:24.1.0] AndroidManifest.xml:111:13-83
255            android:value="true" />
255-->[com.google.android.gms:play-services-ads-api:24.1.0] AndroidManifest.xml:112:13-33
256
257        <provider
257-->[androidx.work:work-runtime:2.7.0] AndroidManifest.xml:31:9-39:20
258            android:name="androidx.startup.InitializationProvider"
258-->[androidx.work:work-runtime:2.7.0] AndroidManifest.xml:32:13-67
259            android:authorities="com.LTS.habittracker.androidx-startup"
259-->[androidx.work:work-runtime:2.7.0] AndroidManifest.xml:33:13-68
260            android:exported="false" >
260-->[androidx.work:work-runtime:2.7.0] AndroidManifest.xml:34:13-37
261            <meta-data
261-->[androidx.work:work-runtime:2.7.0] AndroidManifest.xml:36:13-38:52
262                android:name="androidx.work.WorkManagerInitializer"
262-->[androidx.work:work-runtime:2.7.0] AndroidManifest.xml:37:17-68
263                android:value="androidx.startup" />
263-->[androidx.work:work-runtime:2.7.0] AndroidManifest.xml:38:17-49
264            <meta-data
264-->[androidx.emoji2:emoji2:1.3.0] AndroidManifest.xml:29:13-31:52
265                android:name="androidx.emoji2.text.EmojiCompatInitializer"
265-->[androidx.emoji2:emoji2:1.3.0] AndroidManifest.xml:30:17-75
266                android:value="androidx.startup" />
266-->[androidx.emoji2:emoji2:1.3.0] AndroidManifest.xml:31:17-49
267            <meta-data
267-->[androidx.lifecycle:lifecycle-process:2.7.0] AndroidManifest.xml:29:13-31:52
268                android:name="androidx.lifecycle.ProcessLifecycleInitializer"
268-->[androidx.lifecycle:lifecycle-process:2.7.0] AndroidManifest.xml:30:17-78
269                android:value="androidx.startup" />
269-->[androidx.lifecycle:lifecycle-process:2.7.0] AndroidManifest.xml:31:17-49
270            <meta-data
270-->[androidx.profileinstaller:profileinstaller:1.3.1] AndroidManifest.xml:29:13-31:52
271                android:name="androidx.profileinstaller.ProfileInstallerInitializer"
271-->[androidx.profileinstaller:profileinstaller:1.3.1] AndroidManifest.xml:30:17-85
272                android:value="androidx.startup" />
272-->[androidx.profileinstaller:profileinstaller:1.3.1] AndroidManifest.xml:31:17-49
273        </provider>
274
275        <service
275-->[androidx.work:work-runtime:2.7.0] AndroidManifest.xml:41:9-46:35
276            android:name="androidx.work.impl.background.systemalarm.SystemAlarmService"
276-->[androidx.work:work-runtime:2.7.0] AndroidManifest.xml:42:13-88
277            android:directBootAware="false"
277-->[androidx.work:work-runtime:2.7.0] AndroidManifest.xml:43:13-44
278            android:enabled="@bool/enable_system_alarm_service_default"
278-->[androidx.work:work-runtime:2.7.0] AndroidManifest.xml:44:13-72
279            android:exported="false" />
279-->[androidx.work:work-runtime:2.7.0] AndroidManifest.xml:45:13-37
280        <service
280-->[androidx.work:work-runtime:2.7.0] AndroidManifest.xml:47:9-53:35
281            android:name="androidx.work.impl.background.systemjob.SystemJobService"
281-->[androidx.work:work-runtime:2.7.0] AndroidManifest.xml:48:13-84
282            android:directBootAware="false"
282-->[androidx.work:work-runtime:2.7.0] AndroidManifest.xml:49:13-44
283            android:enabled="@bool/enable_system_job_service_default"
283-->[androidx.work:work-runtime:2.7.0] AndroidManifest.xml:50:13-70
284            android:exported="true"
284-->[androidx.work:work-runtime:2.7.0] AndroidManifest.xml:51:13-36
285            android:permission="android.permission.BIND_JOB_SERVICE" />
285-->[androidx.work:work-runtime:2.7.0] AndroidManifest.xml:52:13-69
286        <service
286-->[androidx.work:work-runtime:2.7.0] AndroidManifest.xml:54:9-59:35